Flow report for 8255A
Fri Nov 01 13:48:13 2019
Quartus II Version 8.0 Build 215 05/29/2008 SJ Web Edition


---------------------
; Table of Contents ;
---------------------
  1. Legal Notice
  2. Flow Summary
  3. Flow Settings
  4. Flow Non-Default Global Settings
  5. Flow Elapsed Time
  6. Flow Log



----------------
; Legal Notice ;
----------------
Copyright (C) 1991-2008 Altera Corporation
Your use of Altera Corporation's design tools, logic functions 
and other software and tools, and its AMPP partner logic 
functions, and any output files from any of the foregoing 
(including device programming or simulation files), and any 
associated documentation or information are expressly subject 
to the terms and conditions of the Altera Program License 
Subscription Agreement, Altera MegaCore Function License 
Agreement, or other applicable license agreement, including, 
without limitation, that your use is for the sole purpose of 
programming logic devices manufactured by Altera and sold by 
Altera or its authorized distributors.  Please refer to the 
applicable agreement for further details.



+------------------------------------------------------------------------------+
; Flow Summary                                                                 ;
+------------------------------------+-----------------------------------------+
; Flow Status                        ; Successful - Fri Nov 01 13:48:13 2019   ;
; Quartus II Version                 ; 8.0 Build 215 05/29/2008 SJ Web Edition ;
; Revision Name                      ; 8255A                                   ;
; Top-level Entity Name              ; 8255A                                   ;
; Family                             ; Cyclone II                              ;
; Device                             ; EP2C5T144C8                             ;
; Timing Models                      ; Final                                   ;
; Met timing requirements            ; Yes                                     ;
; Total logic elements               ; 2 / 4,608 ( < 1 % )                     ;
;     Total combinational functions  ; 2 / 4,608 ( < 1 % )                     ;
;     Dedicated logic registers      ; 0 / 4,608 ( 0 % )                       ;
; Total registers                    ; 0                                       ;
; Total pins                         ; 6 / 89 ( 7 % )                          ;
; Total virtual pins                 ; 0                                       ;
; Total memory bits                  ; 0 / 119,808 ( 0 % )                     ;
; Embedded Multiplier 9-bit elements ; 0 / 26 ( 0 % )                          ;
; Total PLLs                         ; 0 / 2 ( 0 % )                           ;
+------------------------------------+-----------------------------------------+


+-----------------------------------------+
; Flow Settings                           ;
+-------------------+---------------------+
; Option            ; Setting             ;
+-------------------+---------------------+
; Start date & time ; 11/01/2019 13:48:08 ;
; Main task         ; Compilation         ;
; Revision Name     ; 8255A               ;
+-------------------+---------------------+


+-----------------------------------------------------------------------------------------------------------------+
; Flow Non-Default Global Settings                                                                                ;
+------------------------------------+---------------------------------+---------------+-------------+------------+
; Assignment Name                    ; Value                           ; Default Value ; Entity Name ; Section Id ;
+------------------------------------+---------------------------------+---------------+-------------+------------+
; COMPILER_SIGNATURE_ID              ; 203178705445921.157258728802044 ; --            ; --          ; --         ;
; FITTER_EFFORT                      ; Standard Fit                    ; Auto Fit      ; --          ; --         ;
; MAX_CORE_JUNCTION_TEMP             ; 85                              ; --            ; --          ; --         ;
; MIN_CORE_JUNCTION_TEMP             ; 0                               ; --            ; --          ; --         ;
; PARTITION_COLOR                    ; 14622752                        ; --            ; --          ; Top        ;
; PARTITION_NETLIST_TYPE             ; SOURCE                          ; --            ; --          ; Top        ;
; USE_GENERATED_PHYSICAL_CONSTRAINTS ; Off                             ; --            ; --          ; eda_palace ;
+------------------------------------+---------------------------------+---------------+-------------+------------+


+-----------------------------------------------------------------------------------------------------------------------------+
; Flow Elapsed Time                                                                                                           ;
+-------------------------+--------------+-------------------------+---------------------+------------------------------------+
; Module Name             ; Elapsed Time ; Average Processors Used ; Peak Virtual Memory ; Total CPU Time (on all processors) ;
+-------------------------+--------------+-------------------------+---------------------+------------------------------------+
; Analysis & Synthesis    ; 00:00:00     ; 1.0                     ; 152 MB              ; 00:00:01                           ;
; Fitter                  ; 00:00:02     ; 1.0                     ; 167 MB              ; 00:00:01                           ;
; Assembler               ; 00:00:00     ; 1.0                     ; 144 MB              ; 00:00:01                           ;
; Classic Timing Analyzer ; 00:00:00     ; 1.0                     ; 110 MB              ; 00:00:00                           ;
; Total                   ; 00:00:02     ; --                      ; --                  ; 00:00:03                           ;
+-------------------------+--------------+-------------------------+---------------------+------------------------------------+


------------
; Flow Log ;
------------
quartus_map --read_settings_files=on --write_settings_files=off 8255A -c 8255A
quartus_fit --read_settings_files=off --write_settings_files=off 8255A -c 8255A
quartus_asm --read_settings_files=off --write_settings_files=off 8255A -c 8255A
quartus_tan --read_settings_files=off --write_settings_files=off 8255A -c 8255A --timing_analysis_only



